{"level":"error","message":"Finding Email: relation \"users\" does not exist"}
{"level":"error","message":"Finding Email: column \"email\" does not exist"}
{"level":"error","message":"Finding Email: column \"useremail\" does not exist"}
{"level":"error","message":"Finding Email: column \"useremail\" does not exist"}
{"level":"error","message":"Finding Email: column \"useremail\" does not exist"}
{"level":"error","message":"Finding Email: column \"useremail\" does not exist"}
{"level":"error","message":"Finding Email: column \"useremail\" does not exist"}
{"level":"error","message":"Finding Email: column \"useremail\" does not exist"}
{"level":"error","message":"Finding Email: column \"useremail\" does not exist"}
{"level":"error","message":"Finding Email: column \"useremail\" does not exist"}
{"level":"error","message":"Finding Email: column \"useremail\" does not exist"}
{"level":"error","message":"Finding Email: column \"useremail\" does not exist"}
{"level":"error","message":"Finding Email: column \"useremail\" does not exist"}
{"level":"error","message":"Error creating user: duplicate key value violates unique constraint \"uses_pkey\""}
{"level":"error","message":"Email already exists"}
{"level":"error","message":"Error creating user: Email already exists"}
{"level":"error","message":"Error creating user: Email already exists"}
{"level":"error","message":"Error updating password: column \"id\" does not exist"}
{"level":"error","message":"Error updating password: column \"id\" does not exist"}
{"level":"error","message":"Error creating user: Password must be at least 6 characters long."}
{"level":"error","message":"Error creating user: Email already exists"}
{"level":"error","message":"Error creating user: Internal Server Error"}
{"level":"error","message":"Error creating user: Internal Server Error"}
{"level":"error","message":"Error logging in: Internal Server Error"}
{"level":"error","message":"Error create product: Internal Server Error"}
{"level":"error","message":"Error creating product: Internal Server Error"}
{"level":"error","message":"Error creating product: Invalid updated date."}
{"level":"error","message":"Error creating product: Invalid updated date."}
{"level":"error","message":"Error creating product: invalid input syntax for type integer: \"99.99\""}
{"level":"error","message":"Error creating product: null value in column \"product_id\" of relation \"products\" violates not-null constraint"}
{"level":"error","message":"Error creating product: null value in column \"product_id\" of relation \"products\" violates not-null constraint"}
{"level":"error","message":"Error getting product info: invalid input syntax for type integer: \"filter\""}
{"level":"error","message":"Error getting product info: invalid input syntax for type integer: \"filter\""}
{"level":"error","message":"Error getting product info: invalid input syntax for type integer: \"filter\""}
{"level":"error","message":"Error getting product info: invalid input syntax for type integer: \"filter\""}
{"level":"error","message":"Error getting product info: invalid input syntax for type integer: \"filter\""}
{"level":"error","message":"Error getting product info: invalid input syntax for type integer: \"filter\""}
{"level":"error","message":"Error getting product info: invalid input syntax for type integer: \"filter\""}
{"level":"error","message":"Error getting product info: invalid input syntax for type integer: \"filter\""}
{"level":"error","message":"Error getting product info: invalid input syntax for type integer: \"filter\""}
{"level":"error","message":"Error getting product info: invalid input syntax for type integer: \"filter\""}
{"level":"error","message":"Error getting product info: invalid input syntax for type integer: \"filter\""}
{"level":"error","message":"Error getting product info: invalid input syntax for type integer: \"filter\""}
{"level":"error","message":"Error getting product info: invalid input syntax for type integer: \"filter\""}
{"level":"error","message":"Error getting product info: invalid input syntax for type integer: \"filter\""}
{"level":"error","message":"Error getting product info: invalid input syntax for type integer: \"filter\""}
{"level":"error","message":"Error getting product info: invalid input syntax for type integer: \"productId=1\""}
{"level":"error","message":"Error getting product info: invalid input syntax for type integer: \"filter\""}
{"level":"error","message":"Error getting product info: invalid input syntax for type integer: \"filter\""}
{"level":"error","message":"Error getting product info: invalid input syntax for type integer: \"filter\""}
{"level":"error","message":"Error getting product info: invalid input syntax for type integer: \"filter\""}
{"level":"error","message":"Error getting product info: invalid input syntax for type integer: \"filter\""}
{"level":"error","message":"Error getting product info: invalid input syntax for type integer: \"filter\""}
{"level":"error","message":"Error getting product info: invalid input syntax for type integer: \"filter\""}
{"level":"error","message":"Error getting product info: invalid input syntax for type integer: \"filter\""}
{"level":"error","message":"Error getting product info: invalid input syntax for type integer: \"filter\""}
{"level":"error","message":"Error getting product info: invalid input syntax for type integer: \"filter\""}
{"level":"error","message":"Error getting product info: invalid input syntax for type integer: \"filter\""}
{"level":"error","message":"Error getting product info: invalid input syntax for type integer: \"filter\""}
{"level":"error","message":"Error getting product info: invalid input syntax for type integer: \"filter\""}
{"level":"error","message":"Error getting product info: invalid input syntax for type integer: \"filter\""}
{"level":"error","message":"Error getting product info: invalid input syntax for type integer: \"filter\""}
{"level":"error","message":"Error getting product info: invalid input syntax for type integer: \"filter\""}
{"level":"error","message":"Error getting product info: invalid input syntax for type integer: \"filter\""}
{"level":"error","message":"Error getting product info: invalid input syntax for type integer: \"filter\""}
